[debug] [2023-08-21T21:39:13.257Z] ----------------------------------------------------------------------
[debug] [2023-08-21T21:39:13.259Z] Command:       /usr/local/bin/node /usr/local/bin/firebase deploy --only hosting:backend-eisloewen
[debug] [2023-08-21T21:39:13.260Z] CLI Version:   12.4.7
[debug] [2023-08-21T21:39:13.260Z] Platform:      darwin
[debug] [2023-08-21T21:39:13.260Z] Node Version:  v16.14.2
[debug] [2023-08-21T21:39:13.267Z] Time:          Mon Aug 21 2023 23:39:13 GMT+0200 (Mitteleuropäische Sommerzeit)
[debug] [2023-08-21T21:39:13.268Z] ----------------------------------------------------------------------
[debug] 
[debug] [2023-08-21T21:39:13.358Z] > command requires scopes: ["email","openid","https://www.googleapis.com/auth/cloudplatformprojects.readonly","https://www.googleapis.com/auth/firebase","https://www.googleapis.com/auth/cloud-platform"]
[debug] [2023-08-21T21:39:13.359Z] > authorizing via signed-in user (matias@devbite.de)
[debug] [2023-08-21T21:39:13.359Z] [iam] checking project qr-ar-project for permissions ["firebase.projects.get","firebasehosting.sites.update"]
[debug] [2023-08-21T21:39:13.360Z] > refreshing access token with scopes: []
[debug] [2023-08-21T21:39:13.362Z] >>> [apiv2][query] POST https://www.googleapis.com/oauth2/v3/token [none]
[debug] [2023-08-21T21:39:13.363Z] >>> [apiv2][body] POST https://www.googleapis.com/oauth2/v3/token [omitted]
[debug] [2023-08-21T21:39:13.544Z] <<< [apiv2][status] POST https://www.googleapis.com/oauth2/v3/token 200
[debug] [2023-08-21T21:39:13.544Z] <<< [apiv2][body] POST https://www.googleapis.com/oauth2/v3/token [omitted]
[debug] [2023-08-21T21:39:13.572Z] >>> [apiv2][query] POST https://cloudresourcemanager.googleapis.com/v1/projects/qr-ar-project:testIamPermissions [none]
[debug] [2023-08-21T21:39:13.572Z] >>> [apiv2][(partial)header] POST https://cloudresourcemanager.googleapis.com/v1/projects/qr-ar-project:testIamPermissions x-goog-quota-user=projects/qr-ar-project
[debug] [2023-08-21T21:39:13.572Z] >>> [apiv2][body] POST https://cloudresourcemanager.googleapis.com/v1/projects/qr-ar-project:testIamPermissions {"permissions":["firebase.projects.get","firebasehosting.sites.update"]}
[debug] [2023-08-21T21:39:14.546Z] <<< [apiv2][status] POST https://cloudresourcemanager.googleapis.com/v1/projects/qr-ar-project:testIamPermissions 200
[debug] [2023-08-21T21:39:14.546Z] <<< [apiv2][body] POST https://cloudresourcemanager.googleapis.com/v1/projects/qr-ar-project:testIamPermissions {}
[debug] [2023-08-21T21:39:14.546Z] [iam] error while checking permissions, command may fail: FirebaseError: Authorization failed. This account is missing the following required permissions on project qr-ar-project:

  firebase.projects.get
  firebasehosting.sites.update
[debug] [2023-08-21T21:39:14.547Z] >>> [apiv2][query] GET https://firebase.googleapis.com/v1beta1/projects/qr-ar-project [none]
[debug] [2023-08-21T21:39:14.855Z] <<< [apiv2][status] GET https://firebase.googleapis.com/v1beta1/projects/qr-ar-project 403
[debug] [2023-08-21T21:39:14.855Z] <<< [apiv2][body] GET https://firebase.googleapis.com/v1beta1/projects/qr-ar-project {"error":{"code":403,"message":"The caller does not have permission","status":"PERMISSION_DENIED"}}
[debug] [2023-08-21T21:39:14.856Z] HTTP Error: 403, The caller does not have permission
[debug] [2023-08-21T21:39:14.857Z] FirebaseError: HTTP Error: 403, The caller does not have permission
    at responseToError (/usr/local/lib/node_modules/firebase-tools/lib/responseToError.js:49:12)
    at RetryOperation._fn (/usr/local/lib/node_modules/firebase-tools/lib/apiv2.js:285:77)
    at processTicksAndRejections (node:internal/process/task_queues:96:5)
[error] 
[error] Error: Failed to get Firebase project qr-ar-project. Please make sure the project exists and your account has permission to access it.
